<?xml version="1.0" encoding="UTF-8"?>
<!-- Generated by org.testng.reporters.JUnitReportReporter -->
<testsuite skipped="0" hostname="sony-PC" name="Login.Login" tests="2" failures="0" timestamp="13 Feb 2019 15:21:15 GMT" time="9.220" errors="0">
  <testcase name="check" time="6.940" classname="Login.Login"/>
  <testcase name="forgot" time="2.280" classname="Login.Login"/>
</testsuite> <!-- Login.Login -->
