<?xml version="1.0" encoding="UTF-8"?>
<!-- Generated by org.testng.reporters.JUnitReportReporter -->
<testsuite skipped="0" hostname="sony-PC" name="com.facebook.TestCases.LoginPageTest" tests="2" failures="0" timestamp="14 Feb 2019 06:17:38 GMT" time="105.945" errors="0">
  <testcase name="verifyTitleTest" time="0.023" classname="com.facebook.TestCases.LoginPageTest"/>
  <testcase name="verifyLoginTest" time="105.922" classname="com.facebook.TestCases.LoginPageTest"/>
</testsuite> <!-- com.facebook.TestCases.LoginPageTest -->
